[2026-02-26 21:11:16] [INFO] [gmail] [DRY RUN] Skipping Gmail authentication
[2026-02-26 21:14:25] [INFO] [gmail] [DRY RUN] Skipping Gmail authentication
[2026-02-26 21:18:24] [INFO] [gmail] [DRY RUN] Skipping Gmail authentication
[2026-02-26 21:30:31] [INFO] [gmail] [DRY RUN] Skipping Gmail authentication
[2026-02-26 21:31:09] [INFO] [gmail] [DRY RUN] Skipping Gmail authentication
[2026-02-26 21:31:09] [INFO] [gmail] [DRY RUN] Starting gmail watcher (interval=120s, dry_run=True)
[2026-02-26 21:31:09] [INFO] [gmail] [DRY RUN] gmail: processed 0 item(s) this cycle
[2026-02-26 21:33:09] [INFO] [gmail] [DRY RUN] gmail: processed 0 item(s) this cycle
[2026-02-26 21:35:10] [INFO] [gmail] [DRY RUN] gmail: processed 0 item(s) this cycle
[2026-02-26 21:37:10] [INFO] [gmail] [DRY RUN] gmail: processed 0 item(s) this cycle
[2026-02-26 21:39:02] [INFO] [gmail] gmail watcher shutting down gracefully
[2026-02-26 21:39:22] [INFO] [gmail] [DRY RUN] Skipping Gmail authentication
[2026-02-26 21:39:22] [INFO] [gmail] [DRY RUN] Starting gmail watcher (interval=120s, dry_run=True)
[2026-02-26 21:39:22] [INFO] [gmail] [DRY RUN] gmail: processed 0 item(s) this cycle
[2026-02-26 21:41:22] [INFO] [gmail] [DRY RUN] gmail: processed 0 item(s) this cycle
[2026-02-26 21:41:43] [INFO] [gmail] gmail watcher shutting down gracefully
[2026-02-26 21:41:48] [INFO] [gmail] [DRY RUN] Skipping Gmail authentication
[2026-02-27 07:20:50] [INFO] [gmail] [DRY RUN] Skipping Gmail authentication
[2026-02-27 07:21:47] [INFO] [gmail] [DRY RUN] Skipping Gmail authentication
[2026-02-27 07:45:57] [INFO] [gmail] [DRY RUN] Skipping Gmail authentication
[2026-02-27 07:52:10] [INFO] [gmail] [DRY RUN] Skipping Gmail authentication
[2026-02-27 07:52:46] [INFO] [gmail] [DRY RUN] Skipping Gmail authentication
[2026-02-27 13:55:02] [INFO] [gmail] [DRY RUN] Skipping Gmail authentication
[2026-02-27 13:58:21] [INFO] [gmail] [DRY RUN] Skipping Gmail authentication
[2026-02-27 16:20:34] [INFO] [gmail] [DRY RUN] Skipping Gmail authentication
[2026-02-28 17:14:09] [INFO] [gmail] [DRY RUN] Skipping Gmail authentication
[2026-02-28 17:14:09] [INFO] [gmail] [DRY RUN] Skipping Gmail authentication
[2026-02-28 17:14:10] [INFO] [gmail] [DRY RUN] Skipping Gmail authentication
[2026-02-28 17:14:10] [INFO] [gmail] [DRY RUN] Skipping Gmail authentication
[2026-02-28 17:14:10] [INFO] [gmail] [DRY RUN] Skipping Gmail authentication
[2026-02-28 17:14:10] [WARNING] [gmail] Gmail API rate limit (429). Will retry next cycle.
[2026-02-28 17:14:10] [ERROR] [gmail] Gmail auth expired (401). Attempting re-auth.
[2026-02-28 17:14:10] [ERROR] [gmail] Re-auth failed: reauth failed
[2026-02-28 17:14:10] [ERROR] [gmail] Gmail API forbidden (403). Verify the API is enabled in Google Cloud Console and OAuth scopes are correct.
[2026-02-28 17:14:10] [WARNING] [gmail] Gmail connection error: network down
[2026-02-28 17:14:10] [INFO] [gmail] [DRY RUN] Skipping Gmail authentication
[2026-02-28 17:14:10] [INFO] [gmail] [DRY RUN] Skipping Gmail authentication
[2026-02-28 17:14:10] [INFO] [gmail] [DRY RUN] Skipping Gmail authentication
[2026-02-28 17:14:10] [INFO] [gmail] [DRY RUN] Skipping Gmail authentication
[2026-02-28 17:14:10] [INFO] [gmail] [DRY RUN] Skipping Gmail authentication
[2026-02-28 17:14:10] [INFO] [gmail] [DRY RUN] Skipping Gmail authentication
[2026-02-28 17:14:10] [INFO] [gmail] [DRY RUN] Skipping Gmail authentication
[2026-02-28 17:14:10] [INFO] [gmail] [DRY RUN] Skipping Gmail authentication
[2026-02-28 17:14:10] [INFO] [gmail] [DRY RUN] Skipping Gmail authentication
[2026-02-28 17:14:10] [INFO] [gmail] [DRY RUN] Skipping Gmail authentication
[2026-02-28 17:14:10] [INFO] [gmail] [DRY RUN] Skipping Gmail authentication
[2026-02-28 17:14:10] [INFO] [gmail] [DRY RUN] Skipping Gmail authentication
[2026-02-28 17:14:10] [INFO] [gmail] [DRY RUN] Skipping Gmail authentication
[2026-02-28 17:14:10] [INFO] [gmail] [DRY RUN] Skipping Gmail authentication
[2026-02-28 17:14:10] [INFO] [gmail] [DRY RUN] Skipping Gmail authentication
[2026-02-28 17:14:10] [INFO] [gmail] [DRY RUN] Skipping Gmail authentication
[2026-02-28 17:14:10] [INFO] [gmail] [DRY RUN] Skipping Gmail authentication
[2026-02-28 17:14:10] [INFO] [gmail] [DRY RUN] Skipping Gmail authentication
[2026-02-28 17:14:10] [INFO] [gmail] [DRY RUN] Skipping Gmail authentication
[2026-02-28 17:14:10] [INFO] [gmail] [DRY RUN] Skipping Gmail authentication
[2026-02-28 17:14:11] [INFO] [gmail] [DRY RUN] Skipping Gmail authentication
[2026-02-28 17:14:11] [INFO] [gmail] [DRY RUN] Skipping Gmail authentication
[2026-02-28 17:14:11] [INFO] [gmail] [DRY RUN] Skipping Gmail authentication
[2026-02-28 17:14:11] [INFO] [gmail] [DRY RUN] Skipping Gmail authentication
[2026-02-28 17:14:11] [INFO] [gmail] [DRY RUN] Skipping Gmail authentication
[2026-02-28 17:14:11] [INFO] [gmail] [DRY RUN] Skipping Gmail authentication
[2026-02-28 17:14:11] [INFO] [gmail] [DRY RUN] Skipping Gmail authentication
[2026-02-28 17:20:05] [INFO] [gmail] [DRY RUN] Skipping Gmail authentication
[2026-02-28 17:20:05] [INFO] [gmail] [DRY RUN] Skipping Gmail authentication
[2026-02-28 17:20:05] [INFO] [gmail] [DRY RUN] Skipping Gmail authentication
[2026-02-28 17:20:05] [INFO] [gmail] [DRY RUN] Skipping Gmail authentication
[2026-02-28 17:20:05] [INFO] [gmail] [DRY RUN] Skipping Gmail authentication
[2026-02-28 17:20:05] [WARNING] [gmail] Gmail API rate limit (429). Will retry next cycle.
[2026-02-28 17:20:05] [ERROR] [gmail] Gmail auth expired (401). Attempting re-auth.
[2026-02-28 17:20:05] [ERROR] [gmail] Re-auth failed: reauth failed
[2026-02-28 17:20:05] [ERROR] [gmail] Gmail API forbidden (403). Verify the API is enabled in Google Cloud Console and OAuth scopes are correct.
[2026-02-28 17:20:05] [WARNING] [gmail] Gmail connection error: network down
[2026-02-28 17:20:05] [INFO] [gmail] [DRY RUN] Skipping Gmail authentication
[2026-02-28 17:20:05] [INFO] [gmail] [DRY RUN] Skipping Gmail authentication
[2026-02-28 17:20:05] [INFO] [gmail] [DRY RUN] Skipping Gmail authentication
[2026-02-28 17:20:05] [INFO] [gmail] [DRY RUN] Skipping Gmail authentication
[2026-02-28 17:20:05] [INFO] [gmail] [DRY RUN] Skipping Gmail authentication
[2026-02-28 17:20:05] [INFO] [gmail] [DRY RUN] Skipping Gmail authentication
[2026-02-28 17:20:05] [INFO] [gmail] [DRY RUN] Skipping Gmail authentication
[2026-02-28 17:20:05] [INFO] [gmail] [DRY RUN] Skipping Gmail authentication
[2026-02-28 17:20:05] [INFO] [gmail] [DRY RUN] Skipping Gmail authentication
[2026-02-28 17:20:05] [INFO] [gmail] [DRY RUN] Skipping Gmail authentication
[2026-02-28 17:20:05] [INFO] [gmail] [DRY RUN] Skipping Gmail authentication
[2026-02-28 17:20:05] [INFO] [gmail] [DRY RUN] Skipping Gmail authentication
[2026-02-28 17:20:06] [INFO] [gmail] [DRY RUN] Skipping Gmail authentication
[2026-02-28 17:20:06] [INFO] [gmail] [DRY RUN] Skipping Gmail authentication
[2026-02-28 17:20:06] [INFO] [gmail] [DRY RUN] Skipping Gmail authentication
[2026-02-28 17:20:06] [INFO] [gmail] [DRY RUN] Skipping Gmail authentication
[2026-02-28 17:20:06] [INFO] [gmail] [DRY RUN] Skipping Gmail authentication
[2026-02-28 17:20:06] [INFO] [gmail] [DRY RUN] Skipping Gmail authentication
[2026-02-28 17:20:06] [INFO] [gmail] [DRY RUN] Skipping Gmail authentication
[2026-02-28 17:20:06] [INFO] [gmail] [DRY RUN] Skipping Gmail authentication
[2026-02-28 17:20:06] [INFO] [gmail] [DRY RUN] Skipping Gmail authentication
[2026-02-28 17:20:06] [INFO] [gmail] [DRY RUN] Skipping Gmail authentication
[2026-02-28 17:20:06] [INFO] [gmail] [DRY RUN] Skipping Gmail authentication
[2026-02-28 17:20:06] [INFO] [gmail] [DRY RUN] Skipping Gmail authentication
[2026-02-28 17:20:06] [INFO] [gmail] [DRY RUN] Skipping Gmail authentication
[2026-02-28 17:20:06] [INFO] [gmail] [DRY RUN] Skipping Gmail authentication
[2026-02-28 17:20:06] [INFO] [gmail] [DRY RUN] Skipping Gmail authentication
[2026-02-28 17:42:54] [INFO] [gmail] [DRY RUN] Skipping Gmail authentication
[2026-02-28 17:42:54] [INFO] [gmail] [DRY RUN] Skipping Gmail authentication
[2026-02-28 17:42:54] [INFO] [gmail] [DRY RUN] Skipping Gmail authentication
[2026-02-28 17:42:54] [INFO] [gmail] [DRY RUN] Skipping Gmail authentication
[2026-02-28 17:42:54] [INFO] [gmail] [DRY RUN] Skipping Gmail authentication
[2026-02-28 17:42:54] [WARNING] [gmail] Gmail API rate limit (429). Will retry next cycle.
[2026-02-28 17:42:54] [ERROR] [gmail] Gmail auth expired (401). Attempting re-auth.
[2026-02-28 17:42:54] [ERROR] [gmail] Re-auth failed: reauth failed
[2026-02-28 17:42:54] [ERROR] [gmail] Gmail API forbidden (403). Verify the API is enabled in Google Cloud Console and OAuth scopes are correct.
[2026-02-28 17:42:55] [WARNING] [gmail] Gmail connection error: network down
[2026-02-28 17:42:55] [INFO] [gmail] [DRY RUN] Skipping Gmail authentication
[2026-02-28 17:42:55] [INFO] [gmail] [DRY RUN] Skipping Gmail authentication
[2026-02-28 17:42:55] [INFO] [gmail] [DRY RUN] Skipping Gmail authentication
[2026-02-28 17:42:55] [INFO] [gmail] [DRY RUN] Skipping Gmail authentication
[2026-02-28 17:42:55] [INFO] [gmail] [DRY RUN] Skipping Gmail authentication
[2026-02-28 17:42:55] [INFO] [gmail] [DRY RUN] Skipping Gmail authentication
[2026-02-28 17:42:55] [INFO] [gmail] [DRY RUN] Skipping Gmail authentication
[2026-02-28 17:42:55] [INFO] [gmail] [DRY RUN] Skipping Gmail authentication
[2026-02-28 17:42:55] [INFO] [gmail] [DRY RUN] Skipping Gmail authentication
[2026-02-28 17:42:55] [INFO] [gmail] [DRY RUN] Skipping Gmail authentication
[2026-02-28 17:42:55] [INFO] [gmail] [DRY RUN] Skipping Gmail authentication
[2026-02-28 17:42:55] [INFO] [gmail] [DRY RUN] Skipping Gmail authentication
[2026-02-28 17:42:55] [INFO] [gmail] [DRY RUN] Skipping Gmail authentication
[2026-02-28 17:42:55] [INFO] [gmail] [DRY RUN] Skipping Gmail authentication
[2026-02-28 17:42:55] [INFO] [gmail] [DRY RUN] Skipping Gmail authentication
[2026-02-28 17:42:55] [INFO] [gmail] [DRY RUN] Skipping Gmail authentication
[2026-02-28 17:42:55] [INFO] [gmail] [DRY RUN] Skipping Gmail authentication
[2026-02-28 17:42:55] [INFO] [gmail] [DRY RUN] Skipping Gmail authentication
[2026-02-28 17:42:55] [INFO] [gmail] [DRY RUN] Skipping Gmail authentication
[2026-02-28 17:42:55] [INFO] [gmail] [DRY RUN] Skipping Gmail authentication
[2026-02-28 17:42:55] [INFO] [gmail] [DRY RUN] Skipping Gmail authentication
[2026-02-28 17:42:55] [INFO] [gmail] [DRY RUN] Skipping Gmail authentication
[2026-02-28 17:42:55] [INFO] [gmail] [DRY RUN] Skipping Gmail authentication
[2026-02-28 17:42:55] [INFO] [gmail] [DRY RUN] Skipping Gmail authentication
[2026-02-28 17:42:55] [INFO] [gmail] [DRY RUN] Skipping Gmail authentication
[2026-02-28 17:42:55] [INFO] [gmail] [DRY RUN] Skipping Gmail authentication
[2026-02-28 17:42:55] [INFO] [gmail] [DRY RUN] Skipping Gmail authentication
[2026-02-28 17:48:59] [INFO] [gmail] [DRY RUN] Skipping Gmail authentication
[2026-02-28 17:48:59] [INFO] [gmail] [DRY RUN] Starting gmail watcher (interval=120s, dry_run=True)
[2026-02-28 17:48:59] [INFO] [gmail] [DRY RUN] gmail: processed 0 item(s) this cycle
[2026-02-28 17:50:59] [INFO] [gmail] [DRY RUN] gmail: processed 0 item(s) this cycle
[2026-02-28 17:52:59] [INFO] [gmail] [DRY RUN] gmail: processed 0 item(s) this cycle
[2026-02-28 17:54:59] [INFO] [gmail] [DRY RUN] gmail: processed 0 item(s) this cycle
[2026-02-28 17:56:59] [INFO] [gmail] [DRY RUN] gmail: processed 0 item(s) this cycle
[2026-02-28 17:58:59] [INFO] [gmail] [DRY RUN] gmail: processed 0 item(s) this cycle
[2026-02-28 18:01:00] [INFO] [gmail] [DRY RUN] gmail: processed 0 item(s) this cycle
[2026-02-28 18:03:00] [INFO] [gmail] [DRY RUN] gmail: processed 0 item(s) this cycle
[2026-02-28 18:05:00] [INFO] [gmail] [DRY RUN] gmail: processed 0 item(s) this cycle
[2026-02-28 18:07:00] [INFO] [gmail] [DRY RUN] gmail: processed 0 item(s) this cycle
[2026-02-28 18:09:00] [INFO] [gmail] [DRY RUN] gmail: processed 0 item(s) this cycle
[2026-02-28 18:11:01] [INFO] [gmail] [DRY RUN] gmail: processed 0 item(s) this cycle
[2026-02-28 18:13:01] [INFO] [gmail] [DRY RUN] gmail: processed 0 item(s) this cycle
[2026-02-28 18:15:02] [INFO] [gmail] [DRY RUN] gmail: processed 0 item(s) this cycle
[2026-02-28 18:17:02] [INFO] [gmail] [DRY RUN] gmail: processed 0 item(s) this cycle
[2026-02-28 18:19:03] [INFO] [gmail] [DRY RUN] gmail: processed 0 item(s) this cycle
[2026-02-28 18:21:03] [INFO] [gmail] [DRY RUN] gmail: processed 0 item(s) this cycle
[2026-02-28 18:23:03] [INFO] [gmail] [DRY RUN] gmail: processed 0 item(s) this cycle
[2026-02-28 18:25:04] [INFO] [gmail] [DRY RUN] gmail: processed 0 item(s) this cycle
[2026-02-28 18:27:05] [INFO] [gmail] [DRY RUN] gmail: processed 0 item(s) this cycle
[2026-02-28 18:29:05] [INFO] [gmail] [DRY RUN] gmail: processed 0 item(s) this [2026-0[2026-02-28 18:31:06] [INFO] [gmail] [DRY RUN] gmail: processed 0 ite[2026-02-28 18:32[2026-02-28 18:33:08] [INFO] [gmail] [DRY RUN] gmail: proce[2026-02-28 18:34:08] [INFO[2026-02-28 18:35:09] [INFO] [gmail] [DRY RUN] gm[2026-02-28 18:36:08] [INFO] [gmail] [2026-02-28 18:37:11] [INFO] [gmail] [D[2026-02-28 18:38:09] [INFO] [gmail] gmail: pro[2026-02-28 18:39:12] [INFO] [2026-02-28 18:40:10] [INFO] [gmail] gmail: processed 0 i[2026-02-28 18:41:1[2026-02-28 18:42:11] [INFO] [gmail] gmail: processed 0 item(s) thi[2026-02-[2026-02-28 18:44:12] [INFO] [gmail] gmail: processed 0 item(s) this cycle
[2026-02-28 18:47:36] [INFO] [gmail] gmail: processed 0 item(s) this cycle
his cycle
[2026-02-28 18:47:21] [INFO] [gmail] [DRY RUN] gmail: processed 0 item(s) this cycle
le
[2026-02-28 18:32:11] [INFO] [gmail] [DRY RUN] gmail: processed 0 item(s) this cycle
[2026-02-28 18:34:12] [INFO] [gmail] [DRY RUN] gmail: processed 0 item(s) this cycle
[2026-02-28 18:36:13] [INFO] [gmail] [DRY RUN] gmail: processed 0 item(s) this cycle
[2026-02-28 18:38:14] [INFO] [gmail] [DRY RUN] gmail: processed 0 item(s) this cycle
[2026-02-28 18:40:16] [INFO] [gmail] [DRY RUN] gmail: processed 0 item(s) this cycle
[2026-02-28 18:42:17] [INFO] [gmail] [DRY RUN] gmail: processed 0 item(s) this cycle
[2026-02-28 18:44:19] [INFO] [gmail] [DRY RUN] gmail: processed 0 item(s) this cycle
[2026-02-28 18:46:21] [INFO] [gmail] [DRY RUN] gmail: processed 0 item(s) this cycle
[2026-02-28 18:48:24] [INFO] [gmail] [DRY RUN] gmail: processed 0 item(s) this cycle
2-28 17:59:49] [INFO] [gmail] [DRY RUN] Skipping Gmail authentication
[2026-02-28 17:59:49] [INFO] [gmail] [DRY RUN] Skipping Gmail authentication
[2026-02-28 17:59:49] [INFO] [gmail] [DRY RUN] Skipping Gmail authentication
[2026-02-28 17:59:49] [INFO] [gmail] [DRY RUN] Skipping Gmail authentication
[2026-02-28 17:59:50] [INFO] [gmail] [DRY RUN] Skipping Gmail authentication
[2026-02-28 17:59:50] [INFO] [gmail] [DRY RUN] Skipping Gmail authentication
[2026-02-28 17:59:50] [INFO] [gmail] [DRY RUN] Skipping Gmail authentication
[2026-02-28 17:59:50] [INFO] [gmail] [DRY RUN] Skipping Gmail authentication
[2026-02-28 17:59:51] [INFO] [gmail] [DRY RUN] Skipping Gmail authentication
[2026-02-28 17:59:51] [INFO] [gmail] [DRY RUN] Skipping Gmail authentication
[2026-02-28 17:59:51] [INFO] [gmail] [DRY RUN] Skipping Gmail authentication
[2026-02-28 17:59:51] [INFO] [gmail] [DRY RUN] Skipping Gmail authentication
[2026-02-28 17:59:51] [INFO] [gmail] [DRY RUN] Skipping Gmail authentication
[2026-02-28 17:59:51] [INFO] [gmail] [DRY RUN] Skipping Gmail authentication
[2026-02-28 17:59:52] [INFO] [gmail] [DRY RUN] Skipping Gmail authentication
[2026-02-28 17:59:52] [INFO] [gmail] [DRY RUN] Skipping Gmail authentication
[2026-02-28 18:00:05] [INFO] [gmail] [DRY RUN] gmail: processed 0 item(s) this cycle
[2026-02-28 18:01:00] [INFO] [gmail] [DRY RUN] gmail: processed 0 item(s) this cycle
[2026-02-28 18:01:41] [INFO] [gmail] gmail: processed 0 item(s) this cycle
[2026-02-28 18:02:05] [INFO] [gmail] [DRY RUN] gmail: processed 0 item(s) this cycle
[2026-02-28 18:03:00] [INFO] [gmail] [DRY RUN] gmail: processed 0 item(s) this cycle
[2026-02-28 18:03:42] [INFO] [gmail] gmail: processed 0 item(s) this cycle
[2026-02-28 18:04:05] [INFO] [gmail] [DRY RUN] gmail: processed 0 item(s) this cycle
[2026-02-28 18:05:00] [INFO] [gmail] [DRY RUN] gmail: processed 0 item(s) this cycle
[2026-02-28 18:05:53] [INFO] [gmail] gmail: processed 0 item(s) this cycle
[2026-02-28 18:06:06] [INFO] [gmail] [DRY RUN] gmail: processed 0 item(s) this cycle
[2026-02-28 18:07:00] [INFO] [gmail] [DRY RUN] gmail: processed 0 item(s) this cycle
[2026-02-28 18:07:54] [INFO] [gmail] gmail: processed 0 item(s) this cycle
[2026-02-28 18:08:06] [INFO] [gmail] [DRY RUN] gmail: processed 0 item(s) this cycle
[2026-02-28 18:09:00] [INFO] [gmail] [DRY RUN] gmail: processed 0 item(s) this cycle
[2026-02-28 18:09:54] [INFO] [gmail] gmail: processed 0 item(s) this cycle
[2026-02-28 18:10:06] [INFO] [gmail] [DRY RUN] gmail: processed 0 item(s) this cycle
[2026-02-28 18:11:01] [INFO] [gmail] [DRY RUN] gmail: processed 0 item(s) this cycle
[2026-02-28 18:11:55] [INFO] [gmail] gmail: processed 0 item(s) this cycle
[2026-02-28 18:12:06] [INFO] [gmail] [DRY RUN] gmail: processed 0 item(s) this cycle
[2026-02-28 18:13:01] [INFO] [gmail] [DRY RUN] gmail: processed 0 item(s) this cycle
[2026-02-28 18:13:58] [INFO] [gmail] gmail: processed 0 item(s) this cycle
[2026-02-28 18:14:06] [INFO] [gmail] [DRY RUN] gmail: processed 0 item(s) this cycle
[2026-02-28 18:15:02] [INFO] [gmail] [DRY RUN] gmail: processed 0 item(s) this cycle
[2026-02-28 18:15:59] [INFO] [gmail] gmail: processed 0 item(s) this cycle
[2026-02-28 18:16:06] [INFO] [gmail] [DRY RUN] gmail: processed 0 item(s) this cycle
[2026-02-28 18:17:02] [INFO] [gmail] [DRY RUN] gmail: processed 0 item(s) this cycle
[2026-02-28 18:17:59] [INFO] [gmail] gmail: processed 0 item(s) this cycle
[2026-02-28 18:18:06] [INFO] [gmail] [DRY RUN] gmail: processed 0 item(s) this cycle
[2026-02-28 18:19:03] [INFO] [gmail] [DRY RUN] gmail: processed 0 item(s) this cycle
[2026-02-28 18:19:04] [INFO] [gmail] [DRY RUN] Skipping Gmail authentication
[2026-02-28 18:19:05] [INFO] [gmail] [DRY RUN] Skipping Gmail authentication
[2026-02-28 18:19:06] [INFO] [gmail] [DRY RUN] Skipping Gmail authentication
[2026-02-28 18:19:07] [INFO] [gmail] [DRY RUN] Skipping Gmail authentication
[2026-02-28 18:19:07] [INFO] [gmail] [DRY RUN] Skipping Gmail authentication
[2026-02-28 18:19:09] [WARNING] [gmail] Gmail API rate limit (429). Will retry next cycle.
[2026-02-28 18:19:09] [ERROR] [gmail] Gmail auth expired (401). Attempting re-auth.
[2026-02-28 18:19:09] [ERROR] [gmail] Re-auth failed: reauth failed
[2026-02-28 18:19:10] [ERROR] [gmail] Gmail API forbidden (403). Verify the API is enabled in Google Cloud Console and OAuth scopes are correct.
[2026-02-28 18:19:10] [WARNING] [gmail] Gmail connection error: network down
[2026-02-28 18:19:12] [INFO] [gmail] [DRY RUN] Skipping Gmail authentication
[2026-02-28 18:19:12] [INFO] [gmail] [DRY RUN] Skipping Gmail authentication
[2026-02-28 18:19:13] [INFO] [gmail] [DRY RUN] Skipping Gmail authentication
[2026-02-28 18:19:13] [INFO] [gmail] [DRY RUN] Skipping Gmail authentication
[2026-02-28 18:19:13] [INFO] [gmail] [DRY RUN] Skipping Gmail authentication
[2026-02-28 18:19:14] [INFO] [gmail] [DRY RUN] Skipping Gmail authentication
[2026-02-28 18:19:14] [INFO] [gmail] [DRY RUN] Skipping Gmail authentication
[2026-02-28 18:19:15] [INFO] [gmail] [DRY RUN] Skipping Gmail authentication
[2026-02-28 18:19:15] [INFO] [gmail] [DRY RUN] Skipping Gmail authentication
[2026-02-28 18:19:15] [INFO] [gmail] [DRY RUN] Skipping Gmail authentication
[2026-02-28 18:19:15] [INFO] [gmail] [DRY RUN] Skipping Gmail authentication
[2026-02-28 18:19:16] [INFO] [gmail] [DRY RUN] Skipping Gmail authentication
[2026-02-28 18:19:16] [INFO] [gmail] [DRY RUN] Skipping Gmail authentication
[2026-02-28 18:19:16] [INFO] [gmail] [DRY RUN] Skipping Gmail authentication
[2026-02-28 18:19:16] [INFO] [gmail] [DRY RUN] Skipping Gmail authentication
[2026-02-28 18:19:16] [INFO] [gmail] [DRY RUN] Skipping Gmail authentication
[2026-02-28 18:19:17] [INFO] [gmail] [DRY RUN] Skipping Gmail authentication
[2026-02-28 18:19:17] [INFO] [gmail] [DRY RUN] Skipping Gmail authentication
[2026-02-28 18:19:21] [INFO] [gmail] [DRY RUN] Skipping Gmail authentication
[2026-02-28 18:19:21] [INFO] [gmail] [DRY RUN] Skipping Gmail authentication
[2026-02-28 18:19:22] [INFO] [gmail] [DRY RUN] Skipping Gmail authentication
[2026-02-28 18:19:22] [INFO] [gmail] [DRY RUN] Skipping Gmail authentication
[2026-02-28 18:19:22] [INFO] [gmail] [DRY RUN] Skipping Gmail authentication
[2026-02-28 18:19:24] [INFO] [gmail] [DRY RUN] Skipping Gmail authentication
[2026-02-28 18:19:29] [INFO] [gmail] [DRY RUN] Skipping Gmail authentication
[2026-02-28 18:19:31] [INFO] [gmail] [DRY RUN] Skipping Gmail authentication
[2026-02-28 18:19:36] [INFO] [gmail] [DRY RUN] Skipping Gmail authentication
[2026-02-28 18:20:00] [INFO] [gmail] gmail: processed 0 item(s) this cycle
[2026-02-28 18:20:07] [INFO] [gmail] [DRY RUN] gmail: processed 0 item(s) this cycle
[2026-02-28 18:20:27] [INFO] [gmail] [DRY RUN] Skipping Gmail authentication
[2026-02-28 18:21:03] [INFO] [gmail] [DRY RUN] gmail: processed 0 item(s) this cycle
[2026-02-28 18:22:01] [INFO] [gmail] gmail: processed 0 item(s) this cycle
[2026-02-28 18:22:07] [INFO] [gmail] [DRY RUN] gmail: processed 0 item(s) this cycle
[2026-02-28 18:23:03] [INFO] [gmail] [DRY RUN] gmail: processed 0 item(s) this cycle
[2026-02-28 18:24:02] [INFO] [gmail] gmail: processed 0 item(s) this cycle
[2026-02-28 18:24:08] [INFO] [gmail] [DRY RUN] gmail: processed 0 item(s) this cycle
[2026-02-28 18:25:04] [INFO] [gmail] [DRY RUN] gmail: processed 0 item(s) this cycle
[2026-02-28 18:26:02] [INFO] [gmail] gmail: processed 0 item(s) this cycle
[2026-02-28 18:26:08] [INFO] [gmail] [DRY RUN] gmail: processed 0 item(s) this cycle
[2026-02-28 18:27:05] [INFO] [gmail] [DRY RUN] gmail: processed 0 item(s) this cycle
[2026-02-28 18:28:03] [INFO] [gmail] gmail: processed 0 item(s) this cycle
[2026-02-28 18:28:08] [INFO] [gmail] [DRY RUN] gmail: processed 0 item(s) this cycle
[2026-02-28 18:29:05] [INFO] [gmail] [DRY RUN] gmail: processed 0 item(s) this cycle
[2026-02-28 18:30:05] [INFO] [gmail] gmail: processed 0 item(s) this cycle
[2026-02-28 18:30:09] [INFO] [gmail] [DRY RUN] gmail: processed 0 item(s) this cycle
[2026-02-28 18:31:06] [INFO] [gmail] [DRY RUN] gmail: processed 0 item(s) this cycle
[2026-02-28 18:32:07] [INFO] [gmail] gmail: processed 0 item(s) this cycle
[2026-02-28 18:32:11] [INFO] [gmail] [DRY RUN] gmail: processed 0 item(s) this cycle
[2026-02-28 18:33:08] [INFO] [gmail] [DRY RUN] gmail: processed 0 item(s) this cycle
[2026-02-28 18:34:08] [INFO] [gmail] gmail: processed 0 item(s) this cycle
[2026-02-28 18:34:12] [INFO] [gmail] [DRY RUN] gmail: processed 0 item(s) this cycle
[2026-02-28 18:35:09] [INFO] [gmail] [DRY RUN] gmail: processed 0 item(s) this cycle
[2026-02-28 18:36:08] [INFO] [gmail] gmail: processed 0 item(s) this cycle
[2026-02-28 18:36:13] [INFO] [gmail] [DRY RUN] gmail: processed 0 item(s) this cycle
[2026-02-28 18:37:11] [INFO] [gmail] [DRY RUN] gmail: processed 0 item(s) this cycle
[2026-02-28 18:38:09] [INFO] [gmail] gmail: processed 0 item(s) this cycle
[2026-02-28 18:38:14] [INFO] [gmail] [DRY RUN] gmail: processed 0 item(s) this cycle
[2026-02-28 18:39:12] [INFO] [gmail] [DRY RUN] gmail: processed 0 item(s) this cycle
[2026-02-28 18:40:10] [INFO] [gmail] gmail: processed 0 item(s) this cycle
[2026-02-28 18:40:16] [INFO] [gmail] [DRY RUN] gmail: processed 0 item(s) this cycle
[2026-02-28 18:41:13] [INFO] [gmail] [DRY RUN] gmail: processed 0 item(s) this cycle
[2026-02-28 18:42:11] [INFO] [gmail] gmail: processed 0 item(s) this cycle
[2026-02-28 18:42:17] [INFO] [gmail] [DRY RUN] gmail: processed 0 item(s) this cycle
[2026-02-28 18:43:17] [INFO] [gmail] [DRY RUN] gmail: processed 0 item(s) this cycle
[2026-02-28 18:44:12] [INFO] [gmail] gmail: processed 0 item(s) this cycle
[2026-02-28 18:44:19] [INFO] [gmail] [DRY RUN] gmail: processed 0 item(s) this cycle
[2026-02-28 18:45:19] [INFO] [gmail] [DRY RUN] gmail: processed 0 item(s) this cycle
[2026-02-28 18:46:21] [INFO] [gmail] [DRY RUN] gmail: processed 0 item(s) this cycle
[2026-02-28 18:47:21] [INFO] [gmail] [DRY RUN] gmail: processed 0 item(s) this cycle
[2026-02-28 18:47:36] [INFO] [gmail] gmail: processed 0 item(s) this cycle
[2026-02-28 18:48:24] [INFO] [gmail] [DRY RUN] gmail: processed 0 item(s) this cycle
[2026-02-28 19:31:13] [INFO] [gmail] [DRY RUN] Skipping Gmail authentication
[2026-02-28 19:31:13] [INFO] [gmail] [DRY RUN] Skipping Gmail authentication
[2026-02-28 19:31:13] [INFO] [gmail] [DRY RUN] Skipping Gmail authentication
[2026-02-28 19:31:13] [INFO] [gmail] [DRY RUN] Skipping Gmail authentication
[2026-02-28 19:31:13] [INFO] [gmail] [DRY RUN] Skipping Gmail authentication
[2026-02-28 19:31:13] [WARNING] [gmail] Gmail API rate limit (429). Will retry next cycle.
[2026-02-28 19:31:13] [ERROR] [gmail] Gmail auth expired (401). Attempting re-auth.
[2026-02-28 19:31:13] [ERROR] [gmail] Re-auth failed: reauth failed
[2026-02-28 19:31:13] [ERROR] [gmail] Gmail API forbidden (403). Verify the API is enabled in Google Cloud Console and OAuth scopes are correct.
[2026-02-28 19:31:13] [WARNING] [gmail] Gmail connection error: network down
[2026-02-28 19:31:13] [INFO] [gmail] [DRY RUN] Skipping Gmail authentication
[2026-02-28 19:31:13] [INFO] [gmail] [DRY RUN] Skipping Gmail authentication
[2026-02-28 19:31:13] [INFO] [gmail] [DRY RUN] Skipping Gmail authentication
[2026-02-28 19:31:13] [INFO] [gmail] [DRY RUN] Skipping Gmail authentication
[2026-02-28 19:31:13] [INFO] [gmail] [DRY RUN] Skipping Gmail authentication
[2026-02-28 19:31:13] [INFO] [gmail] [DRY RUN] Skipping Gmail authentication
[2026-02-28 19:31:13] [INFO] [gmail] [DRY RUN] Skipping Gmail authentication
[2026-02-28 19:31:13] [INFO] [gmail] [DRY RUN] Skipping Gmail authentication
[2026-02-28 19:31:13] [INFO] [gmail] [DRY RUN] Skipping Gmail authentication
[2026-02-28 19:31:13] [INFO] [gmail] [DRY RUN] Skipping Gmail authentication
[2026-02-28 19:31:13] [INFO] [gmail] [DRY RUN] Skipping Gmail authentication
[2026-02-28 19:31:13] [INFO] [gmail] [DRY RUN] Skipping Gmail authentication
[2026-02-28 19:31:13] [INFO] [gmail] [DRY RUN] Skipping Gmail authentication
[2026-02-28 19:31:13] [INFO] [gmail] [DRY RUN] Skipping Gmail authentication
[2026-02-28 19:31:13] [INFO] [gmail] [DRY RUN] Skipping Gmail authentication
[2026-02-28 19:31:14] [INFO] [gmail] [DRY RUN] Skipping Gmail authentication
[2026-02-28 19:31:14] [INFO] [gmail] [DRY RUN] Skipping Gmail authentication
[2026-02-28 19:31:14] [INFO] [gmail] [DRY RUN] Skipping Gmail authentication
[2026-02-28 19:31:14] [INFO] [gmail] [DRY RUN] Skipping Gmail authentication
[2026-02-28 19:31:14] [INFO] [gmail] [DRY RUN] Skipping Gmail authentication
[2026-02-28 19:31:14] [INFO] [gmail] [DRY RUN] Skipping Gmail authentication
[2026-02-28 19:31:14] [INFO] [gmail] [DRY RUN] Skipping Gmail authentication
[2026-02-28 19:31:14] [INFO] [gmail] [DRY RUN] Skipping Gmail authentication
[2026-02-28 19:31:14] [INFO] [gmail] [DRY RUN] Skipping Gmail authentication
[2026-02-28 19:31:14] [INFO] [gmail] [DRY RUN] Skipping Gmail authentication
[2026-02-28 19:31:14] [INFO] [gmail] [DRY RUN] Skipping Gmail authentication
[2026-02-28 19:31:14] [INFO] [gmail] [DRY RUN] Skipping Gmail authentication
[2026-02-28 19:33:11] [INFO] [gmail] [DRY RUN] Skipping Gmail authentication
